[debug] [2022-04-01T23:59:11.664Z] ----------------------------------------------------------------------
[debug] [2022-04-01T23:59:11.668Z] Command:       C:\Program Files\nodejs\node.exe C:\Users\HP\AppData\Roaming\npm\node_modules\firebase-tools\lib\bin\firebase.js functions:shell
[debug] [2022-04-01T23:59:11.669Z] CLI Version:   10.5.0
[debug] [2022-04-01T23:59:11.669Z] Platform:      win32
[debug] [2022-04-01T23:59:11.669Z] Node Version:  v16.14.0
[debug] [2022-04-01T23:59:11.670Z] Time:          Sat Apr 02 2022 05:29:11 GMT+0530 (India Standard Time)
[debug] [2022-04-01T23:59:11.670Z] ----------------------------------------------------------------------
[debug] 
[debug] [2022-04-01T23:59:11.794Z] > command requires scopes: ["email","openid","https://www.googleapis.com/auth/cloudplatformprojects.readonly","https://www.googleapis.com/auth/firebase","https://www.googleapis.com/auth/cloud-platform"]
[debug] [2022-04-01T23:59:11.795Z] > authorizing via signed-in user (prashantkumarjs72@gmail.com)
[debug] [2022-04-01T23:59:11.795Z] [iam] checking project test-firebase-backend-function for permissions ["firebase.projects.get"]
[debug] [2022-04-01T23:59:11.800Z] >>> [apiv2][query] POST https://cloudresourcemanager.googleapis.com/v1/projects/test-firebase-backend-function:testIamPermissions [none]
[debug] [2022-04-01T23:59:11.801Z] >>> [apiv2][body] POST https://cloudresourcemanager.googleapis.com/v1/projects/test-firebase-backend-function:testIamPermissions {"permissions":["firebase.projects.get"]}
[debug] [2022-04-01T23:59:13.115Z] <<< [apiv2][status] POST https://cloudresourcemanager.googleapis.com/v1/projects/test-firebase-backend-function:testIamPermissions 200
[debug] [2022-04-01T23:59:13.116Z] <<< [apiv2][body] POST https://cloudresourcemanager.googleapis.com/v1/projects/test-firebase-backend-function:testIamPermissions {"permissions":["firebase.projects.get"]}
[debug] [2022-04-01T23:59:13.135Z] [functions] Using node@16 from host.
[debug] [2022-04-01T23:59:13.137Z] defaultcredentials: writing to file C:\Users\HP\AppData\Roaming\firebase\prashantkumarjs72_gmail_com_application_default_credentials.json
[debug] [2022-04-01T23:59:13.139Z] DEBUG: Setting GAC to C:\Users\HP\AppData\Roaming\firebase\prashantkumarjs72_gmail_com_application_default_credentials.json
[debug] [2022-04-01T23:59:13.141Z] >>> [apiv2][query] GET https://firebase.googleapis.com/v1beta1/projects/test-firebase-backend-function/adminSdkConfig [none]
[debug] [2022-04-01T23:59:13.713Z] <<< [apiv2][status] GET https://firebase.googleapis.com/v1beta1/projects/test-firebase-backend-function/adminSdkConfig 200
[debug] [2022-04-01T23:59:13.714Z] <<< [apiv2][body] GET https://firebase.googleapis.com/v1beta1/projects/test-firebase-backend-function/adminSdkConfig {"projectId":"test-firebase-backend-function","storageBucket":"test-firebase-backend-function.appspot.com","locationId":"us-central"}
[debug] [2022-04-01T23:59:13.738Z] [functions] Watching "C:\Users\HP\Desktop\Angular\angular-project\functions" for Cloud Functions...
[debug] [2022-04-01T23:59:13.746Z] Validating nodejs source
[debug] [2022-04-01T23:59:17.611Z] > [functions] package.json contents: {
  "name": "functions",
  "scripts": {
    "lint": "eslint --ext .js,.ts .",
    "build": "tsc",
    "serve": "npm run build && firebase emulators:start --only functions",
    "shell": "npm run build && firebase functions:shell",
    "start": "npm run shell",
    "deploy": "firebase deploy --only functions",
    "logs": "firebase functions:log"
  },
  "engines": {
    "node": "16"
  },
  "main": "lib/index.js",
  "dependencies": {
    "cors": "^2.8.5",
    "express": "^4.17.3",
    "firebase-admin": "^10.0.2",
    "firebase-functions": "^3.18.0"
  },
  "devDependencies": {
    "@typescript-eslint/eslint-plugin": "^5.12.0",
    "@typescript-eslint/parser": "^5.12.0",
    "eslint": "^8.9.0",
    "eslint-config-google": "^0.14.0",
    "eslint-plugin-import": "^2.25.4",
    "firebase-functions-test": "^0.2.0",
    "typescript": "^4.5.4"
  },
  "private": true
}
[debug] [2022-04-01T23:59:17.611Z] Building nodejs source
[debug] [2022-04-01T23:59:17.611Z] Analyzing nodejs backend spec
[debug] [2022-04-01T23:59:17.977Z] [functions[us-central1-myUpperCaseFunction]] http function initialized (http://localhost:5001/test-firebase-backend-function/us-central1/myUpperCaseFunction).
[debug] [2022-04-01T23:59:17.978Z] [functions[us-central1-helloWorld]] http function initialized (http://localhost:5001/test-firebase-backend-function/us-central1/helloWorld).
[info] i  functions: Loaded functions: myUpperCaseFunction, helloWorld 
[warn] !  functions: The following emulators are not running, calls to these services will affect production: firestore, database, pubsub, storage 
[debug] [2022-04-01T23:59:32.721Z] [work-queue] {"queueLength":1,"workRunningCount":0}
[debug] [2022-04-01T23:59:32.721Z] [work-queue] {"queueLength":0,"workRunningCount":1}
[debug] [2022-04-01T23:59:32.722Z] Accepted request GET /test-firebase-backend-function/us-central1/helloWorld --> us-central1-helloWorld
[debug] [2022-04-01T23:59:32.736Z] DEBUG: [worker-pool] addWorker(us-central1-helloWorld)
[debug] [2022-04-01T23:59:32.737Z] DEBUG: [worker-pool] Adding worker with key us-central1-helloWorld, total=1
[debug] [2022-04-01T23:59:32.737Z] DEBUG: [worker-pool] submitWork(triggerId=us-central1-helloWorld)
[debug] [2022-04-01T23:59:32.737Z] DEBUG: [worker-us-central1-helloWorld-6e148e0f-51bd-43f7-b0bf-d77674746b33]: Assigning socketPath: \\?\pipe\C:\Users\HP\Desktop\Angular\angular-project\functions\10684
[debug] [2022-04-01T23:59:32.738Z] DEBUG: [worker-us-central1-helloWorld-6e148e0f-51bd-43f7-b0bf-d77674746b33]: BUSY
[debug] [2022-04-01T23:59:34.831Z] DEBUG: [runtime-status] [10684] Functions runtime initialized. {"cwd":"C:\\Users\\HP\\Desktop\\Angular\\angular-project\\functions","node_version":"16.14.0"}
[debug] [2022-04-01T23:59:34.833Z] DEBUG: [runtime-status] [10684] Disabled runtime features: undefined
[debug] [2022-04-01T23:59:34.837Z] DEBUG: [runtime-status] [10684] Resolved module firebase-admin {"declared":true,"installed":true,"version":"10.0.2","resolution":"C:\\Users\\HP\\Desktop\\Angular\\angular-project\\functions\\node_modules\\firebase-admin\\lib\\index.js"}
[debug] [2022-04-01T23:59:34.840Z] DEBUG: [runtime-status] [10684] Resolved module firebase-functions {"declared":true,"installed":true,"version":"3.19.0","resolution":"C:\\Users\\HP\\Desktop\\Angular\\angular-project\\functions\\node_modules\\firebase-functions\\lib\\index.js"}
[debug] [2022-04-01T23:59:34.841Z] DEBUG: [runtime-status] [10684] Outgoing network have been stubbed. [{"name":"http","status":"mocked"},{"name":"http","status":"mocked"},{"name":"https","status":"mocked"},{"name":"https","status":"mocked"},{"name":"net","status":"mocked"}]
[debug] [2022-04-01T23:59:34.842Z] DEBUG: [runtime-status] [10684] Resolved module firebase-functions {"declared":true,"installed":true,"version":"3.19.0","resolution":"C:\\Users\\HP\\Desktop\\Angular\\angular-project\\functions\\node_modules\\firebase-functions\\lib\\index.js"}
[debug] [2022-04-01T23:59:34.911Z] DEBUG: [runtime-status] [10684] Checked functions.config() {"config":{}}
[debug] [2022-04-01T23:59:34.912Z] DEBUG: [runtime-status] [10684] firebase-functions has been stubbed. {"functionsResolution":{"declared":true,"installed":true,"version":"3.19.0","resolution":"C:\\Users\\HP\\Desktop\\Angular\\angular-project\\functions\\node_modules\\firebase-functions\\lib\\index.js"}}
[debug] [2022-04-01T23:59:34.913Z] DEBUG: [runtime-status] [10684] Resolved module firebase-functions {"declared":true,"installed":true,"version":"3.19.0","resolution":"C:\\Users\\HP\\Desktop\\Angular\\angular-project\\functions\\node_modules\\firebase-functions\\lib\\index.js"}
[debug] [2022-04-01T23:59:34.915Z] DEBUG: [runtime-status] [10684] Resolved module firebase-admin {"declared":true,"installed":true,"version":"10.0.2","resolution":"C:\\Users\\HP\\Desktop\\Angular\\angular-project\\functions\\node_modules\\firebase-admin\\lib\\index.js"}
[debug] [2022-04-01T23:59:34.916Z] DEBUG: [runtime-status] [10684] Resolved module firebase-functions {"declared":true,"installed":true,"version":"3.19.0","resolution":"C:\\Users\\HP\\Desktop\\Angular\\angular-project\\functions\\node_modules\\firebase-functions\\lib\\index.js"}
[debug] [2022-04-01T23:59:34.917Z] DEBUG: [runtime-status] [10684] firebase-admin has been stubbed. {"adminResolution":{"declared":true,"installed":true,"version":"10.0.2","resolution":"C:\\Users\\HP\\Desktop\\Angular\\angular-project\\functions\\node_modules\\firebase-admin\\lib\\index.js"}}
[debug] [2022-04-01T23:59:34.921Z] DEBUG: [runtime-status] [10684] initializeApp(DEFAULT) {"storageBucket":"test-firebase-backend-function.appspot.com","projectId":"test-firebase-backend-function"}
[debug] [2022-04-01T23:59:35.082Z] DEBUG: [runtime-status] [10684] Beginning invocation function helloWorld!
[debug] [2022-04-01T23:59:35.082Z] [functions] Beginning execution of "helloWorld"
[debug] [2022-04-01T23:59:35.082Z] DEBUG: [runtime-status] [10684] Running helloWorld in signature http
[debug] [2022-04-01T23:59:35.088Z] DEBUG: [runtime-status] [10684] Attempting to listen to socketPath: \\?\pipe\C:\Users\HP\Desktop\Angular\angular-project\functions\10684
[debug] [2022-04-01T23:59:35.095Z] DEBUG: [functions] Runtime ready! Sending request!
[debug] [2022-04-01T23:59:35.095Z] DEBUG: [functions] Got req.url=/test-firebase-backend-function/us-central1/helloWorld, mapping to path=/
[debug] [2022-04-01T23:59:35.121Z] DEBUG: [runtime-status] [10684] Ephemeral server handling GET request
[info] >  {"structuredData":true,"severity":"INFO","message":"Hello logs!"} {"user":{"structuredData":true,"severity":"INFO","message":"Hello logs!"},"metadata":{"emulator":{"name":"functions"},"function":{"name":"us-central1-helloWorld"},"extension":{},"message":"\u001b[90m> \u001b[39m {\"structuredData\":true,\"severity\":\"INFO\",\"message\":\"Hello logs!\"}"}}
[debug] [2022-04-01T23:59:35.135Z] DEBUG: [runtime-status] [10684] Ephemeral server survived.
[debug] [2022-04-01T23:59:35.137Z] [functions] Finished "helloWorld" in ~1s
[debug] [2022-04-01T23:59:35.137Z] DEBUG: [worker-us-central1-helloWorld-6e148e0f-51bd-43f7-b0bf-d77674746b33]: IDLE
[debug] [2022-04-01T23:59:35.137Z] [work-queue] {"queueLength":0,"workRunningCount":0}
[debug] [2022-04-02T00:00:29.089Z] [work-queue] {"queueLength":1,"workRunningCount":0}
[debug] [2022-04-02T00:00:29.089Z] [work-queue] {"queueLength":0,"workRunningCount":1}
[debug] [2022-04-02T00:00:29.089Z] Accepted request POST /test-firebase-backend-function/us-central1/myUpperCaseFunction --> us-central1-myUpperCaseFunction
[debug] [2022-04-02T00:00:29.100Z] DEBUG: [worker-pool] addWorker(us-central1-myUpperCaseFunction)
[debug] [2022-04-02T00:00:29.100Z] DEBUG: [worker-pool] Adding worker with key us-central1-myUpperCaseFunction, total=1
[debug] [2022-04-02T00:00:29.100Z] DEBUG: [worker-pool] submitWork(triggerId=us-central1-myUpperCaseFunction)
[debug] [2022-04-02T00:00:29.101Z] DEBUG: [worker-us-central1-myUpperCaseFunction-f1b96502-3e8f-4238-b03f-c73bf853da84]: Assigning socketPath: \\?\pipe\C:\Users\HP\Desktop\Angular\angular-project\functions\2440
[debug] [2022-04-02T00:00:29.101Z] DEBUG: [worker-us-central1-myUpperCaseFunction-f1b96502-3e8f-4238-b03f-c73bf853da84]: BUSY
[debug] [2022-04-02T00:00:31.191Z] DEBUG: [runtime-status] [2440] Functions runtime initialized. {"cwd":"C:\\Users\\HP\\Desktop\\Angular\\angular-project\\functions","node_version":"16.14.0"}
[debug] [2022-04-02T00:00:31.193Z] DEBUG: [runtime-status] [2440] Disabled runtime features: undefined
[debug] [2022-04-02T00:00:31.197Z] DEBUG: [runtime-status] [2440] Resolved module firebase-admin {"declared":true,"installed":true,"version":"10.0.2","resolution":"C:\\Users\\HP\\Desktop\\Angular\\angular-project\\functions\\node_modules\\firebase-admin\\lib\\index.js"}
[debug] [2022-04-02T00:00:31.200Z] DEBUG: [runtime-status] [2440] Resolved module firebase-functions {"declared":true,"installed":true,"version":"3.19.0","resolution":"C:\\Users\\HP\\Desktop\\Angular\\angular-project\\functions\\node_modules\\firebase-functions\\lib\\index.js"}
[debug] [2022-04-02T00:00:31.201Z] DEBUG: [runtime-status] [2440] Outgoing network have been stubbed. [{"name":"http","status":"mocked"},{"name":"http","status":"mocked"},{"name":"https","status":"mocked"},{"name":"https","status":"mocked"},{"name":"net","status":"mocked"}]
[debug] [2022-04-02T00:00:31.202Z] DEBUG: [runtime-status] [2440] Resolved module firebase-functions {"declared":true,"installed":true,"version":"3.19.0","resolution":"C:\\Users\\HP\\Desktop\\Angular\\angular-project\\functions\\node_modules\\firebase-functions\\lib\\index.js"}
[debug] [2022-04-02T00:00:31.273Z] DEBUG: [runtime-status] [2440] Checked functions.config() {"config":{}}
[debug] [2022-04-02T00:00:31.273Z] DEBUG: [runtime-status] [2440] firebase-functions has been stubbed. {"functionsResolution":{"declared":true,"installed":true,"version":"3.19.0","resolution":"C:\\Users\\HP\\Desktop\\Angular\\angular-project\\functions\\node_modules\\firebase-functions\\lib\\index.js"}}
[debug] [2022-04-02T00:00:31.274Z] DEBUG: [runtime-status] [2440] Resolved module firebase-functions {"declared":true,"installed":true,"version":"3.19.0","resolution":"C:\\Users\\HP\\Desktop\\Angular\\angular-project\\functions\\node_modules\\firebase-functions\\lib\\index.js"}
[debug] [2022-04-02T00:00:31.276Z] DEBUG: [runtime-status] [2440] Resolved module firebase-admin {"declared":true,"installed":true,"version":"10.0.2","resolution":"C:\\Users\\HP\\Desktop\\Angular\\angular-project\\functions\\node_modules\\firebase-admin\\lib\\index.js"}
[debug] [2022-04-02T00:00:31.277Z] DEBUG: [runtime-status] [2440] Resolved module firebase-functions {"declared":true,"installed":true,"version":"3.19.0","resolution":"C:\\Users\\HP\\Desktop\\Angular\\angular-project\\functions\\node_modules\\firebase-functions\\lib\\index.js"}
[debug] [2022-04-02T00:00:31.278Z] DEBUG: [runtime-status] [2440] firebase-admin has been stubbed. {"adminResolution":{"declared":true,"installed":true,"version":"10.0.2","resolution":"C:\\Users\\HP\\Desktop\\Angular\\angular-project\\functions\\node_modules\\firebase-admin\\lib\\index.js"}}
[debug] [2022-04-02T00:00:31.282Z] DEBUG: [runtime-status] [2440] initializeApp(DEFAULT) {"storageBucket":"test-firebase-backend-function.appspot.com","projectId":"test-firebase-backend-function"}
[debug] [2022-04-02T00:00:31.442Z] DEBUG: [runtime-status] [2440] Beginning invocation function myUpperCaseFunction!
[debug] [2022-04-02T00:00:31.442Z] [functions] Beginning execution of "myUpperCaseFunction"
[debug] [2022-04-02T00:00:31.443Z] DEBUG: [runtime-status] [2440] Running myUpperCaseFunction in signature http
[debug] [2022-04-02T00:00:31.448Z] DEBUG: [runtime-status] [2440] Attempting to listen to socketPath: \\?\pipe\C:\Users\HP\Desktop\Angular\angular-project\functions\2440
[debug] [2022-04-02T00:00:31.453Z] DEBUG: [functions] Runtime ready! Sending request!
[debug] [2022-04-02T00:00:31.453Z] DEBUG: [functions] Got req.url=/test-firebase-backend-function/us-central1/myUpperCaseFunction, mapping to path=/
[debug] [2022-04-02T00:00:31.496Z] DEBUG: [runtime-status] [2440] Ephemeral server handling POST request
[info] >  {"verifications":{"app":"MISSING","auth":"MISSING"},"logging.googleapis.com/labels":{"firebase-log-type":"callable-request-verification"},"severity":"INFO","message":"Callable request verification passed"} {"user":{"verifications":{"app":"MISSING","auth":"MISSING"},"logging.googleapis.com/labels":{"firebase-log-type":"callable-request-verification"},"severity":"INFO","message":"Callable request verification passed"},"metadata":{"emulator":{"name":"functions"},"function":{"name":"us-central1-myUpperCaseFunction"},"extension":{},"message":"\u001b[90m> \u001b[39m {\"verifications\":{\"app\":\"MISSING\",\"auth\":\"MISSING\"},\"logging.googleapis.com/labels\":{\"firebase-log-type\":\"callable-request-verification\"},\"severity\":\"INFO\",\"message\":\"Callable request verification passed\"}"}}
[debug] [2022-04-02T00:00:31.502Z] DEBUG: [runtime-status] [2440] No callable functions auth found
[info] >  Laptop {"user":"Laptop","metadata":{"emulator":{"name":"functions"},"function":{"name":"us-central1-myUpperCaseFunction"},"extension":{},"message":"\u001b[90m> \u001b[39m Laptop"}}
[debug] [2022-04-02T00:00:31.509Z] DEBUG: [runtime-status] [2440] Ephemeral server survived.
[debug] [2022-04-02T00:00:31.512Z] [functions] Finished "myUpperCaseFunction" in ~1s
[debug] [2022-04-02T00:00:31.513Z] DEBUG: [worker-us-central1-myUpperCaseFunction-f1b96502-3e8f-4238-b03f-c73bf853da84]: IDLE
[debug] [2022-04-02T00:00:31.513Z] [work-queue] {"queueLength":0,"workRunningCount":0}
[debug] [2022-04-02T00:01:07.476Z] [work-queue] {"queueLength":1,"workRunningCount":0}
[debug] [2022-04-02T00:01:07.476Z] [work-queue] {"queueLength":0,"workRunningCount":1}
[debug] [2022-04-02T00:01:07.477Z] Accepted request GET /test-firebase-backend-function/us-central1/helloWorld --> us-central1-helloWorld
[debug] [2022-04-02T00:01:07.477Z] DEBUG: [worker-pool] submitWork(triggerId=us-central1-helloWorld)
[debug] [2022-04-02T00:01:07.477Z] DEBUG: [worker-us-central1-helloWorld-6e148e0f-51bd-43f7-b0bf-d77674746b33]: Assigning socketPath: \\?\pipe\C:\Users\HP\Desktop\Angular\angular-project\functions\10684
[debug] [2022-04-02T00:01:07.477Z] DEBUG: [worker-us-central1-helloWorld-6e148e0f-51bd-43f7-b0bf-d77674746b33]: BUSY
[debug] [2022-04-02T00:01:07.478Z] DEBUG: [runtime-status] [10684] Beginning invocation function helloWorld!
[debug] [2022-04-02T00:01:07.478Z] [functions] Beginning execution of "helloWorld"
[debug] [2022-04-02T00:01:07.479Z] DEBUG: [runtime-status] [10684] Running helloWorld in signature http
[debug] [2022-04-02T00:01:07.480Z] DEBUG: [runtime-status] [10684] Attempting to listen to socketPath: \\?\pipe\C:\Users\HP\Desktop\Angular\angular-project\functions\10684
[debug] [2022-04-02T00:01:07.483Z] DEBUG: [functions] Runtime ready! Sending request!
[debug] [2022-04-02T00:01:07.484Z] DEBUG: [functions] Got req.url=/test-firebase-backend-function/us-central1/helloWorld, mapping to path=/
[debug] [2022-04-02T00:01:07.487Z] DEBUG: [runtime-status] [10684] Ephemeral server handling GET request
[info] >  {"structuredData":true,"severity":"INFO","message":"Hello logs!"} {"user":{"structuredData":true,"severity":"INFO","message":"Hello logs!"},"metadata":{"emulator":{"name":"functions"},"function":{"name":"us-central1-helloWorld"},"extension":{},"message":"\u001b[90m> \u001b[39m {\"structuredData\":true,\"severity\":\"INFO\",\"message\":\"Hello logs!\"}"}}
[debug] [2022-04-02T00:01:07.489Z] DEBUG: [runtime-status] [10684] Ephemeral server survived.
[debug] [2022-04-02T00:01:07.489Z] [functions] Finished "helloWorld" in ~1s
[debug] [2022-04-02T00:01:07.489Z] DEBUG: [worker-us-central1-helloWorld-6e148e0f-51bd-43f7-b0bf-d77674746b33]: IDLE
[debug] [2022-04-02T00:01:07.490Z] [work-queue] {"queueLength":0,"workRunningCount":0}
[debug] [2022-04-02T00:04:23.027Z] DEBUG: File C:\Users\HP\Desktop\Angular\angular-project\functions\src\index.ts changed, reloading triggers
[debug] [2022-04-02T00:04:24.031Z] DEBUG: [worker-pool] Shutting down IDLE worker (us-central1-helloWorld)
[debug] [2022-04-02T00:04:24.032Z] DEBUG: [worker-us-central1-helloWorld-6e148e0f-51bd-43f7-b0bf-d77674746b33]: FINISHING
[debug] [2022-04-02T00:04:24.032Z] DEBUG: [worker-pool] Shutting down IDLE worker (us-central1-myUpperCaseFunction)
[debug] [2022-04-02T00:04:24.032Z] DEBUG: [worker-us-central1-myUpperCaseFunction-f1b96502-3e8f-4238-b03f-c73bf853da84]: FINISHING
[debug] [2022-04-02T00:04:24.035Z] Validating nodejs source
[debug] [2022-04-02T00:04:29.299Z] > [functions] package.json contents: {
  "name": "functions",
  "scripts": {
    "lint": "eslint --ext .js,.ts .",
    "build": "tsc",
    "serve": "npm run build && firebase emulators:start --only functions",
    "shell": "npm run build && firebase functions:shell",
    "start": "npm run shell",
    "deploy": "firebase deploy --only functions",
    "logs": "firebase functions:log"
  },
  "engines": {
    "node": "16"
  },
  "main": "lib/index.js",
  "dependencies": {
    "cors": "^2.8.5",
    "express": "^4.17.3",
    "firebase-admin": "^10.0.2",
    "firebase-functions": "^3.18.0"
  },
  "devDependencies": {
    "@typescript-eslint/eslint-plugin": "^5.12.0",
    "@typescript-eslint/parser": "^5.12.0",
    "eslint": "^8.9.0",
    "eslint-config-google": "^0.14.0",
    "eslint-plugin-import": "^2.25.4",
    "firebase-functions-test": "^0.2.0",
    "typescript": "^4.5.4"
  },
  "private": true
}
[debug] [2022-04-02T00:04:29.299Z] Building nodejs source
[debug] [2022-04-02T00:04:29.300Z] Analyzing nodejs backend spec
[debug] [2022-04-02T00:04:29.309Z] DEBUG: [worker-us-central1-myUpperCaseFunction-f1b96502-3e8f-4238-b03f-c73bf853da84]: exited
[debug] [2022-04-02T00:04:29.309Z] DEBUG: [worker-us-central1-myUpperCaseFunction-f1b96502-3e8f-4238-b03f-c73bf853da84]: FINISHED
[debug] [2022-04-02T00:04:29.309Z] DEBUG: [worker-us-central1-helloWorld-6e148e0f-51bd-43f7-b0bf-d77674746b33]: exited
[debug] [2022-04-02T00:04:29.309Z] DEBUG: [worker-us-central1-helloWorld-6e148e0f-51bd-43f7-b0bf-d77674746b33]: FINISHED
[debug] [2022-04-02T00:04:51.212Z] DEBUG: File C:\Users\HP\Desktop\Angular\angular-project\functions\lib\index.js.map changed, reloading triggers
[debug] [2022-04-02T00:04:51.217Z] DEBUG: File C:\Users\HP\Desktop\Angular\angular-project\functions\lib\index.js changed, reloading triggers
[debug] [2022-04-02T00:04:52.223Z] Validating nodejs source
[debug] [2022-04-02T00:04:56.101Z] > [functions] package.json contents: {
  "name": "functions",
  "scripts": {
    "lint": "eslint --ext .js,.ts .",
    "build": "tsc",
    "serve": "npm run build && firebase emulators:start --only functions",
    "shell": "npm run build && firebase functions:shell",
    "start": "npm run shell",
    "deploy": "firebase deploy --only functions",
    "logs": "firebase functions:log"
  },
  "engines": {
    "node": "16"
  },
  "main": "lib/index.js",
  "dependencies": {
    "cors": "^2.8.5",
    "express": "^4.17.3",
    "firebase-admin": "^10.0.2",
    "firebase-functions": "^3.18.0"
  },
  "devDependencies": {
    "@typescript-eslint/eslint-plugin": "^5.12.0",
    "@typescript-eslint/parser": "^5.12.0",
    "eslint": "^8.9.0",
    "eslint-config-google": "^0.14.0",
    "eslint-plugin-import": "^2.25.4",
    "firebase-functions-test": "^0.2.0",
    "typescript": "^4.5.4"
  },
  "private": true
}
[debug] [2022-04-02T00:04:56.102Z] Building nodejs source
[debug] [2022-04-02T00:04:56.102Z] Analyzing nodejs backend spec
[debug] [2022-04-02T00:06:41.947Z] DEBUG: File C:\Users\HP\Desktop\Angular\angular-project\functions\lib\index.js.map changed, reloading triggers
[debug] [2022-04-02T00:06:41.949Z] DEBUG: File C:\Users\HP\Desktop\Angular\angular-project\functions\lib\index.js changed, reloading triggers
[debug] [2022-04-02T00:06:42.964Z] Validating nodejs source
[debug] [2022-04-02T00:06:47.225Z] > [functions] package.json contents: {
  "name": "functions",
  "scripts": {
    "lint": "eslint --ext .js,.ts .",
    "build": "tsc",
    "serve": "npm run build && firebase emulators:start --only functions",
    "shell": "npm run build && firebase functions:shell",
    "start": "npm run shell",
    "deploy": "firebase deploy --only functions",
    "logs": "firebase functions:log"
  },
  "engines": {
    "node": "16"
  },
  "main": "lib/index.js",
  "dependencies": {
    "cors": "^2.8.5",
    "express": "^4.17.3",
    "firebase-admin": "^10.0.2",
    "firebase-functions": "^3.18.0"
  },
  "devDependencies": {
    "@typescript-eslint/eslint-plugin": "^5.12.0",
    "@typescript-eslint/parser": "^5.12.0",
    "eslint": "^8.9.0",
    "eslint-config-google": "^0.14.0",
    "eslint-plugin-import": "^2.25.4",
    "firebase-functions-test": "^0.2.0",
    "typescript": "^4.5.4"
  },
  "private": true
}
[debug] [2022-04-02T00:06:47.226Z] Building nodejs source
[debug] [2022-04-02T00:06:47.226Z] Analyzing nodejs backend spec
[debug] [2022-04-02T00:10:11.501Z] DEBUG: File C:\Users\HP\Desktop\Angular\angular-project\functions\src\index.ts changed, reloading triggers
[debug] [2022-04-02T00:10:12.511Z] Validating nodejs source
[debug] [2022-04-02T00:10:17.513Z] > [functions] package.json contents: {
  "name": "functions",
  "scripts": {
    "lint": "eslint --ext .js,.ts .",
    "build": "tsc",
    "serve": "npm run build && firebase emulators:start --only functions",
    "shell": "npm run build && firebase functions:shell",
    "start": "npm run shell",
    "deploy": "firebase deploy --only functions",
    "logs": "firebase functions:log"
  },
  "engines": {
    "node": "16"
  },
  "main": "lib/index.js",
  "dependencies": {
    "cors": "^2.8.5",
    "express": "^4.17.3",
    "firebase-admin": "^10.0.2",
    "firebase-functions": "^3.18.0"
  },
  "devDependencies": {
    "@typescript-eslint/eslint-plugin": "^5.12.0",
    "@typescript-eslint/parser": "^5.12.0",
    "eslint": "^8.9.0",
    "eslint-config-google": "^0.14.0",
    "eslint-plugin-import": "^2.25.4",
    "firebase-functions-test": "^0.2.0",
    "typescript": "^4.5.4"
  },
  "private": true
}
[debug] [2022-04-02T00:10:17.513Z] Building nodejs source
[debug] [2022-04-02T00:10:17.513Z] Analyzing nodejs backend spec
[debug] [2022-04-02T00:23:06.630Z] DEBUG: File C:\Users\HP\Desktop\Angular\angular-project\functions\src\index.ts changed, reloading triggers
[debug] [2022-04-02T00:23:07.639Z] Validating nodejs source
[debug] [2022-04-02T00:23:11.863Z] > [functions] package.json contents: {
  "name": "functions",
  "scripts": {
    "lint": "eslint --ext .js,.ts .",
    "build": "tsc",
    "serve": "npm run build && firebase emulators:start --only functions",
    "shell": "npm run build && firebase functions:shell",
    "start": "npm run shell",
    "deploy": "firebase deploy --only functions",
    "logs": "firebase functions:log"
  },
  "engines": {
    "node": "16"
  },
  "main": "lib/index.js",
  "dependencies": {
    "cors": "^2.8.5",
    "express": "^4.17.3",
    "firebase-admin": "^10.0.2",
    "firebase-functions": "^3.18.0"
  },
  "devDependencies": {
    "@typescript-eslint/eslint-plugin": "^5.12.0",
    "@typescript-eslint/parser": "^5.12.0",
    "eslint": "^8.9.0",
    "eslint-config-google": "^0.14.0",
    "eslint-plugin-import": "^2.25.4",
    "firebase-functions-test": "^0.2.0",
    "typescript": "^4.5.4"
  },
  "private": true
}
[debug] [2022-04-02T00:23:11.863Z] Building nodejs source
[debug] [2022-04-02T00:23:11.863Z] Analyzing nodejs backend spec
[debug] [2022-04-02T00:23:29.620Z] DEBUG: File C:\Users\HP\Desktop\Angular\angular-project\functions\src\index.ts changed, reloading triggers
[debug] [2022-04-02T00:23:30.636Z] Validating nodejs source
[debug] [2022-04-02T00:23:35.583Z] > [functions] package.json contents: {
  "name": "functions",
  "scripts": {
    "lint": "eslint --ext .js,.ts .",
    "build": "tsc",
    "serve": "npm run build && firebase emulators:start --only functions",
    "shell": "npm run build && firebase functions:shell",
    "start": "npm run shell",
    "deploy": "firebase deploy --only functions",
    "logs": "firebase functions:log"
  },
  "engines": {
    "node": "16"
  },
  "main": "lib/index.js",
  "dependencies": {
    "cors": "^2.8.5",
    "express": "^4.17.3",
    "firebase-admin": "^10.0.2",
    "firebase-functions": "^3.18.0"
  },
  "devDependencies": {
    "@typescript-eslint/eslint-plugin": "^5.12.0",
    "@typescript-eslint/parser": "^5.12.0",
    "eslint": "^8.9.0",
    "eslint-config-google": "^0.14.0",
    "eslint-plugin-import": "^2.25.4",
    "firebase-functions-test": "^0.2.0",
    "typescript": "^4.5.4"
  },
  "private": true
}
[debug] [2022-04-02T00:23:35.583Z] Building nodejs source
[debug] [2022-04-02T00:23:35.583Z] Analyzing nodejs backend spec
[debug] [2022-04-02T00:27:53.932Z] DEBUG: File C:\Users\HP\Desktop\Angular\angular-project\functions\src\index.ts changed, reloading triggers
[debug] [2022-04-02T00:27:54.945Z] Validating nodejs source
[debug] [2022-04-02T00:27:59.964Z] > [functions] package.json contents: {
  "name": "functions",
  "scripts": {
    "lint": "eslint --ext .js,.ts .",
    "build": "tsc",
    "serve": "npm run build && firebase emulators:start --only functions",
    "shell": "npm run build && firebase functions:shell",
    "start": "npm run shell",
    "deploy": "firebase deploy --only functions",
    "logs": "firebase functions:log"
  },
  "engines": {
    "node": "16"
  },
  "main": "lib/index.js",
  "dependencies": {
    "cors": "^2.8.5",
    "express": "^4.17.3",
    "firebase-admin": "^10.0.2",
    "firebase-functions": "^3.18.0"
  },
  "devDependencies": {
    "@typescript-eslint/eslint-plugin": "^5.12.0",
    "@typescript-eslint/parser": "^5.12.0",
    "eslint": "^8.9.0",
    "eslint-config-google": "^0.14.0",
    "eslint-plugin-import": "^2.25.4",
    "firebase-functions-test": "^0.2.0",
    "typescript": "^4.5.4"
  },
  "private": true
}
[debug] [2022-04-02T00:27:59.964Z] Building nodejs source
[debug] [2022-04-02T00:27:59.964Z] Analyzing nodejs backend spec
[debug] [2022-04-02T00:30:05.486Z] DEBUG: File C:\Users\HP\Desktop\Angular\angular-project\functions\src\index.ts changed, reloading triggers
[debug] [2022-04-02T00:30:06.503Z] Validating nodejs source
[debug] [2022-04-02T00:30:10.857Z] > [functions] package.json contents: {
  "name": "functions",
  "scripts": {
    "lint": "eslint --ext .js,.ts .",
    "build": "tsc",
    "serve": "npm run build && firebase emulators:start --only functions",
    "shell": "npm run build && firebase functions:shell",
    "start": "npm run shell",
    "deploy": "firebase deploy --only functions",
    "logs": "firebase functions:log"
  },
  "engines": {
    "node": "16"
  },
  "main": "lib/index.js",
  "dependencies": {
    "cors": "^2.8.5",
    "express": "^4.17.3",
    "firebase-admin": "^10.0.2",
    "firebase-functions": "^3.18.0"
  },
  "devDependencies": {
    "@typescript-eslint/eslint-plugin": "^5.12.0",
    "@typescript-eslint/parser": "^5.12.0",
    "eslint": "^8.9.0",
    "eslint-config-google": "^0.14.0",
    "eslint-plugin-import": "^2.25.4",
    "firebase-functions-test": "^0.2.0",
    "typescript": "^4.5.4"
  },
  "private": true
}
[debug] [2022-04-02T00:30:10.858Z] Building nodejs source
[debug] [2022-04-02T00:30:10.858Z] Analyzing nodejs backend spec
[debug] [2022-04-02T00:32:59.609Z] DEBUG: File C:\Users\HP\Desktop\Angular\angular-project\functions\src\index.ts changed, reloading triggers
[debug] [2022-04-02T00:33:00.622Z] Validating nodejs source
[debug] [2022-04-02T00:33:05.235Z] > [functions] package.json contents: {
  "name": "functions",
  "scripts": {
    "lint": "eslint --ext .js,.ts .",
    "build": "tsc",
    "serve": "npm run build && firebase emulators:start --only functions",
    "shell": "npm run build && firebase functions:shell",
    "start": "npm run shell",
    "deploy": "firebase deploy --only functions",
    "logs": "firebase functions:log"
  },
  "engines": {
    "node": "16"
  },
  "main": "lib/index.js",
  "dependencies": {
    "cors": "^2.8.5",
    "express": "^4.17.3",
    "firebase-admin": "^10.0.2",
    "firebase-functions": "^3.18.0"
  },
  "devDependencies": {
    "@typescript-eslint/eslint-plugin": "^5.12.0",
    "@typescript-eslint/parser": "^5.12.0",
    "eslint": "^8.9.0",
    "eslint-config-google": "^0.14.0",
    "eslint-plugin-import": "^2.25.4",
    "firebase-functions-test": "^0.2.0",
    "typescript": "^4.5.4"
  },
  "private": true
}
[debug] [2022-04-02T00:33:05.236Z] Building nodejs source
[debug] [2022-04-02T00:33:05.236Z] Analyzing nodejs backend spec
